<?xml version="1.0" encoding="UTF-8"?>
<!-- Generated by org.testng.reporters.JUnitReportReporter -->
<testsuite hostname="PC-f7ad11" failures="0" tests="3" name="Users.Users" time="0.008" errors="0" timestamp="2025-01-13T12:39:28 IST" skipped="0">
  <testcase classname="Users.Users" name="create_city" time="0.006"/>
  <system-out/>
  <testcase classname="Users.Users" name="create_city" time="0.001"/>
  <system-out/>
  <testcase classname="Users.Users" name="create_city" time="0.001"/>
  <system-out/>
</testsuite> <!-- Users.Users -->
