<?xml version="1.0" encoding="UTF-8"?>
<!-- Generated by org.testng.reporters.JUnitReportReporter -->
<testsuite hostname="PC-f7ad11" failures="0" tests="1" name="Test.Run" time="0.020" errors="0" timestamp="2025-01-06T11:49:27 IST" skipped="0">
  <testcase classname="Test.Run" name="createcustomer" time="0.020"/>
  <system-out/>
</testsuite> <!-- Test.Run -->
